#
# A fatal error has been detected by the Java Runtime Environment:
#
#  SIGILL (0x4) at pc=0x00007fff33b0d6cc, pid=99376, tid=0x0000000000000307
#
# JRE version: Java(TM) SE Runtime Environment (8.0_144-b01) (build 1.8.0_144-b01)
# Java VM: Java HotSpot(TM) 64-Bit Server VM (25.144-b01 mixed mode bsd-amd64 compressed oops)
# Problematic frame:
# C  [CoreFoundation+0x1726cc]  getAtomTarget+0x6f
#
# Failed to write core dump. Core dumps have been disabled. To enable core dumping, try "ulimit -c unlimited" before starting Java again
#
# If you would like to submit a bug report, please visit:
#   http://bugreport.java.com/bugreport/crash.jsp
# The crash happened outside the Java Virtual Machine in native code.
# See problematic frame for where to report the bug.
#

---------------  T H R E A D  ---------------

Current thread (0x00007fe5d1161000):  JavaThread "JavaFX Application Thread" [_thread_in_native, id=775, stack(0x00007ffee63d6000,0x00007ffee6bd6000)]

siginfo: si_signo: 4 (SIGILL), si_code: 1 (ILL_ILLOPC), si_addr: 0x00007fff33b0d6cc

Registers:
RAX=0x0000000000000000, RBX=0x00900007fe5d3589, RCX=0x900007fe5d358981, RDX=0x0000000000000007
RSP=0x00007ffee6bd25c0, RBP=0x00007ffee6bd25d0, RSI=0x0000000000000000, RDI=0x0900007fe5d35898
R8 =0x0000000000000002, R9 =0x000000000000000a, R10=0x0000000000000003, R11=0x00007fff33a2f400
R12=0x0000000000000000, R13=0x00007ffee6bd2640, R14=0x0000000000000000, R15=0x00007fff5f993a00
RIP=0x00007fff33b0d6cc, EFLAGS=0x0000000000010202, ERR=0x0000000000000000
  TRAPNO=0x0000000000000006

Top of Stack: (sp=0x00007ffee6bd25c0)
0x00007ffee6bd25c0:   0000000000000000 900007fe5d358981
0x00007ffee6bd25d0:   00007ffee6bd2630 00007fff33a2f928
0x00007ffee6bd25e0:   00007ffee6bd2640 00007fff5f994bf7
0x00007ffee6bd25f0:   00007fff31b197db 00000001c0000208
0x00007ffee6bd2600:   25e155f3a30800a2 00007fff5f993a00
0x00007ffee6bd2610:   00007fe5d11611f8 00007fe5d0ef03d0
0x00007ffee6bd2620:   0000000000000000 0000000000000002
0x00007ffee6bd2630:   00007ffee6bd2710 00007fff33a2f478
0x00007ffee6bd2640:   900007fe5d358981 00007fff31b197db
0x00007ffee6bd2650:   00000001136e6f20 00007fe5d0fe9c40
0x00007ffee6bd2660:   0000000000000002 000000000000000a
0x00007ffee6bd2670:   bff0000000000000 900007fe5d358981
0x00007ffee6bd2680:   4096800000000000 00007ffee6bd25a0
0x00007ffee6bd2690:   4076800000000000 0000000000000000
0x00007ffee6bd26a0:   0000000000000000 0000000000000000
0x00007ffee6bd26b0:   4076800000000000 4070900000000000
0x00007ffee6bd26c0:   0000000000000000 0000000000000000
0x00007ffee6bd26d0:   0000000000000000 0000000000000000
0x00007ffee6bd26e0:   0000000000000000 0000000000000000
0x00007ffee6bd26f0:   0000000000000008 0000000000000000
0x00007ffee6bd2700:   0000000000000000 0000000000000000
0x00007ffee6bd2710:   00007ffee6bd2b70 00000001136c1c69
0x00007ffee6bd2720:   0000000000000002 00007fe5d0d4bad8
0x00007ffee6bd2730:   0000000000000026 00007fe5d0fe9c40
0x00007ffee6bd2740:   0000000000000017 0000000000000000
0x00007ffee6bd2750:   d154f34400000000 00000000e6bd27d8
0x00007ffee6bd2760:   0000000000000000 00007fff8b351228
0x00007ffee6bd2770:   00007ffee6bd2790 00007fff8b351228
0x00007ffee6bd2780:   00007ffee6bd27c0 00007fff339afb99
0x00007ffee6bd2790:   0000000000000005 00007fff8b34bb28
0x00007ffee6bd27a0:   00007fff8b34bbc8 0000000000000001
0x00007ffee6bd27b0:   0000000000000000 00007fe5d0d64db0 

Instructions: (pc=0x00007fff33b0d6cc)
0x00007fff33b0d6ac:   8d 4c 0b 10 48 98 48 8d 15 87 e4 bb 57 48 8b 44
0x00007fff33b0d6bc:   c2 f8 48 63 c9 48 8b 04 c8 48 83 c4 08 5b 5d c3
0x00007fff33b0d6cc:   0f 0b 55 48 89 e5 5d e9 65 ca ee ff 55 48 89 e5
0x00007fff33b0d6dc:   53 48 83 ec 18 48 89 fb e8 24 8d e9 ff 48 83 f8 

Register to memory mapping:

RAX=0x0000000000000000 is an unknown value
RBX=0x00900007fe5d3589 is an unknown value
RCX=0x900007fe5d358981 is an unknown value
RDX=0x0000000000000007 is an unknown value
RSP=0x00007ffee6bd25c0 is pointing into the stack for thread: 0x00007fe5d1161000
RBP=0x00007ffee6bd25d0 is pointing into the stack for thread: 0x00007fe5d1161000
RSI=0x0000000000000000 is an unknown value
RDI=0x0900007fe5d35898 is an unknown value
R8 =0x0000000000000002 is an unknown value
R9 =0x000000000000000a is an unknown value
R10=0x0000000000000003 is an unknown value
R11=0x00007fff33a2f400: _CF_forwarding_prep_0+0 in /System/Library/Frameworks/CoreFoundation.framework/Versions/A/CoreFoundation at 0x00007fff3399b000
R12=0x0000000000000000 is an unknown value
R13=0x00007ffee6bd2640 is pointing into the stack for thread: 0x00007fe5d1161000
R14=0x0000000000000000 is an unknown value
R15=0x00007fff5f993a00: objc_msgSend+0 in /usr/lib/libobjc.A.dylib at 0x00007fff5f98c000


Stack: [0x00007ffee63d6000,0x00007ffee6bd6000],  sp=0x00007ffee6bd25c0,  free space=8177k
Native frames: (J=compiled Java code, j=interpreted, Vv=VM code, C=native code)
C  [CoreFoundation+0x1726cc]  getAtomTarget+0x6f
C  [CoreFoundation+0x94928]  ___forwarding___+0x426
C  [CoreFoundation+0x94478]  _CF_forwarding_prep_0+0x78
C  [libglass.dylib+0x20c69]  -[GlassViewDelegate sendJavaKeyEvent:isDown:]+0x3b9
C  [libglass.dylib+0x1dd2c]  -[GlassView3D performKeyEquivalent:]+0x30c
C  [AppKit+0x36ed33]  -[NSView performKeyEquivalent:]+0xcd
C  [AppKit+0x36ed33]  -[NSView performKeyEquivalent:]+0xcd
C  [AppKit+0x931694]  -[NSWindow _commonPerformKeyEquivalent:conditionally:]+0x4f
C  [libglass.dylib+0x25760]  -[GlassWindow_Normal performKeyEquivalent:]+0x40
C  [AppKit+0x81700d]  routeKeyEquivalent+0x1bc
C  [AppKit+0x26231]  -[NSApplication(NSEvent) sendEvent:]+0x435
C  [AppKit+0x13795]  -[NSApplication run]+0x2f3
C  [libglass.dylib+0x651c]  -[GlassApplication runLoop:]+0x72c
C  [Foundation+0xb1cdb]  __NSThreadPerformPerform+0x147
C  [CoreFoundation+0x58405]  __CFRUNLOOP_IS_CALLING_OUT_TO_A_SOURCE0_PERFORM_FUNCTION__+0x11
C  [CoreFoundation+0x583ab]  __CFRunLoopDoSource0+0x6c
C  [CoreFoundation+0x3be51]  __CFRunLoopDoSources0+0xc3
C  [CoreFoundation+0x3b3fa]  __CFRunLoopRun+0x4c3
C  [CoreFoundation+0x3ace4]  CFRunLoopRunSpecific+0x1cf
C  [java+0x6465]  CreateExecutionEnvironment+0x367
C  [java+0x218c]  JLI_Launch+0x7a0
C  [java+0x84c2]  main+0x65
C  [java+0x19e4]  start+0x34
C  0x0000000000000005


---------------  P R O C E S S  ---------------

Java Threads: ( => current thread )
  0x00007fe5d1ce9000 JavaThread "JFXMedia Player EventQueueThread" daemon [_thread_blocked, id=120579, stack(0x000070000ab0d000,0x000070000ac0d000)]
  0x00007fe5d24fb800 JavaThread "JFXMedia Player EventQueueThread" daemon [_thread_blocked, id=93707, stack(0x0000700008e8f000,0x0000700008f8f000)]
  0x00007fe5d23e5800 JavaThread "JFXMedia Player EventQueueThread" daemon [_thread_blocked, id=128271, stack(0x000070000a904000,0x000070000aa04000)]
  0x00007fe5d1d08800 JavaThread "JFXMedia Player EventQueueThread" daemon [_thread_blocked, id=121099, stack(0x000070000a6fb000,0x000070000a7fb000)]
  0x00007fe5d1cdf000 JavaThread "JFXMedia Player EventQueueThread" daemon [_thread_blocked, id=63771, stack(0x000070000a4f2000,0x000070000a5f2000)]
  0x00007fe5d586b000 JavaThread "JFXMedia Player EventQueueThread" daemon [_thread_blocked, id=127751, stack(0x000070000a2e9000,0x000070000a3e9000)]
  0x00007fe5d1b2f800 JavaThread "JFXMedia Player EventQueueThread" daemon [_thread_blocked, id=62503, stack(0x000070000a0e0000,0x000070000a1e0000)]
  0x00007fe5d2054800 JavaThread "JFXMedia Player EventQueueThread" daemon [_thread_blocked, id=121875, stack(0x0000700008c86000,0x0000700008d86000)]
  0x00007fe5d7077000 JavaThread "JFXMedia Player EventQueueThread" daemon [_thread_blocked, id=18975, stack(0x0000700009ed7000,0x0000700009fd7000)]
  0x00007fe5d24a5800 JavaThread "JFXMedia Player EventQueueThread" daemon [_thread_blocked, id=94983, stack(0x0000700009cce000,0x0000700009dce000)]
  0x00007fe5d1a79000 JavaThread "JFXMedia Player EventQueueThread" daemon [_thread_blocked, id=79923, stack(0x0000700009ac5000,0x0000700009bc5000)]
  0x00007fe5d256b000 JavaThread "JFXMedia Player EventQueueThread" daemon [_thread_blocked, id=34339, stack(0x00007000098bc000,0x00007000099bc000)]
  0x00007fe5d59a6000 JavaThread "JFXMedia Player EventQueueThread" daemon [_thread_blocked, id=64831, stack(0x0000700008b00000,0x0000700008c00000)]
  0x00007fe5d1dc7800 JavaThread "JFXMedia Player EventQueueThread" daemon [_thread_blocked, id=91399, stack(0x00007000096b3000,0x00007000097b3000)]
  0x00007fe5d2438800 JavaThread "JFXMedia Player EventQueueThread" daemon [_thread_blocked, id=127239, stack(0x00007000094aa000,0x00007000095aa000)]
  0x00007fe5d27f3000 JavaThread "JFXMedia Player EventQueueThread" daemon [_thread_blocked, id=126215, stack(0x00007000092a1000,0x00007000093a1000)]
  0x00007fe5d2e0a800 JavaThread "Thread-13" daemon [_thread_blocked, id=65307, stack(0x00007000089fd000,0x0000700008afd000)]
  0x00007fe5d1308000 JavaThread "Timer-0" daemon [_thread_blocked, id=61707, stack(0x00007000088fa000,0x00007000089fa000)]
  0x00007fe5d12ae800 JavaThread "Prism Font Disposer" daemon [_thread_blocked, id=66215, stack(0x00007000087f7000,0x00007000088f7000)]
  0x00007fe5d117e800 JavaThread "Media Resource Disposer" daemon [_thread_blocked, id=53275, stack(0x00007000085ee000,0x00007000086ee000)]
  0x00007fe5d211a000 JavaThread "JFXMedia Player EventQueueThread" daemon [_thread_blocked, id=81415, stack(0x00007000082df000,0x00007000083df000)]
  0x00007fe5d2128800 JavaThread "JavaFX-Launcher" [_thread_blocked, id=46087, stack(0x00007000081dc000,0x00007000082dc000)]
  0x00007fe5d117c000 JavaThread "Thread-3" daemon [_thread_in_native, id=34563, stack(0x00007000080d6000,0x0000700008156000)]
=>0x00007fe5d1161000 JavaThread "JavaFX Application Thread" [_thread_in_native, id=775, stack(0x00007ffee63d6000,0x00007ffee6bd6000)]
  0x00007fe5d20c8800 JavaThread "Thread-1" daemon [_thread_blocked, id=40707, stack(0x0000700007f50000,0x0000700008050000)]
  0x00007fe5d185c000 JavaThread "QuantumRenderer-0" daemon [_thread_blocked, id=17411, stack(0x0000700007e4d000,0x0000700007f4d000)]
  0x00007fe5d1033000 JavaThread "Service Thread" daemon [_thread_blocked, id=14083, stack(0x0000700007c47000,0x0000700007d47000)]
  0x00007fe5d181c000 JavaThread "C1 CompilerThread2" daemon [_thread_blocked, id=13571, stack(0x0000700007b44000,0x0000700007c44000)]
  0x00007fe5d181b800 JavaThread "C2 CompilerThread1" daemon [_thread_blocked, id=13315, stack(0x0000700007a41000,0x0000700007b41000)]
  0x00007fe5d1800800 JavaThread "C2 CompilerThread0" daemon [_thread_blocked, id=12803, stack(0x000070000793e000,0x0000700007a3e000)]
  0x00007fe5d2806000 JavaThread "Signal Dispatcher" daemon [_thread_blocked, id=12547, stack(0x000070000783b000,0x000070000793b000)]
  0x00007fe5d1064000 JavaThread "Finalizer" daemon [_thread_blocked, id=19971, stack(0x0000700007738000,0x0000700007838000)]
  0x00007fe5d1061800 JavaThread "Reference Handler" daemon [_thread_blocked, id=20483, stack(0x0000700007635000,0x0000700007735000)]
  0x00007fe5d2006800 JavaThread "main" [_thread_blocked, id=6403, stack(0x0000700007023000,0x0000700007123000)]

Other Threads:
  0x00007fe5d105d000 VMThread [stack: 0x0000700007532000,0x0000700007632000] [id=11011]
  0x00007fe5d107c800 WatcherThread [stack: 0x0000700007d4a000,0x0000700007e4a000] [id=14595]

VM state:not at safepoint (normal execution)

VM Mutex/Monitor currently owned by a thread: None

Heap:
 PSYoungGen      total 26112K, used 22695K [0x0000000795580000, 0x0000000797280000, 0x00000007c0000000)
  eden space 23552K, 94% used [0x0000000795580000,0x0000000796b3bdb0,0x0000000796c80000)
  from space 2560K, 17% used [0x0000000797000000,0x000000079706e090,0x0000000797280000)
  to   space 3072K, 0% used [0x0000000796c80000,0x0000000796c80000,0x0000000796f80000)
 ParOldGen       total 87552K, used 23603K [0x0000000740000000, 0x0000000745580000, 0x0000000795580000)
  object space 87552K, 26% used [0x0000000740000000,0x000000074170cd40,0x0000000745580000)
 Metaspace       used 16418K, capacity 17230K, committed 17536K, reserved 1064960K
  class space    used 2156K, capacity 2377K, committed 2432K, reserved 1048576K

Card table byte_map: [0x000000010ad67000,0x000000010b168000] byte_map_base: 0x0000000107367000

Marking Bits: (ParMarkBitMap*) 0x000000010a2f35d0
 Begin Bits: [0x000000010b413000, 0x000000010d413000)
 End Bits:   [0x000000010d413000, 0x000000010f413000)

Polling page: 0x0000000109098000

CodeCache: size=245760Kb used=9616Kb max_used=9630Kb free=236143Kb
 bounds [0x000000011664d000, 0x0000000116fcd000, 0x000000012564d000]
 total_blobs=3539 nmethods=2878 adapters=574
 compilation: enabled

Compilation events (10 events):
Event: 32.004 Thread 0x00007fe5d181c000 3373       3       javafx.scene.control.Labeled::getLabelPadding (24 bytes)
Event: 32.004 Thread 0x00007fe5d181c000 nmethod 3373 0x0000000116fb9e50 code [0x0000000116fb9fe0, 0x0000000116fba348]
Event: 32.004 Thread 0x00007fe5d181c000 3374       1       javafx.scene.text.Font::impl_getNativeFont (5 bytes)
Event: 32.004 Thread 0x00007fe5d181c000 nmethod 3374 0x0000000116fb9b10 code [0x0000000116fb9c60, 0x0000000116fb9d70]
Event: 32.005 Thread 0x00007fe5d181c000 3376       3       javafx.scene.Node::getLayoutBounds (11 bytes)
Event: 32.005 Thread 0x00007fe5d181c000 nmethod 3376 0x0000000116fbcc50 code [0x0000000116fbcdc0, 0x0000000116fbd148]
Event: 32.005 Thread 0x00007fe5d181c000 3375       3       javafx.beans.property.StringPropertyBase::get (32 bytes)
Event: 32.005 Thread 0x00007fe5d181c000 nmethod 3375 0x0000000116fbd210 code [0x0000000116fbd380, 0x0000000116fbd6e8]
Event: 32.005 Thread 0x00007fe5d181c000 3377       3       javafx.scene.control.SkinBase::snapSize (19 bytes)
Event: 32.006 Thread 0x00007fe5d181c000 nmethod 3377 0x0000000116fbd7d0 code [0x0000000116fbd980, 0x0000000116fbdcc8]

GC Heap History (10 events):
Event: 28.894 GC heap before
{Heap before GC invocations=38 (full 0):
 PSYoungGen      total 24576K, used 24512K [0x0000000795580000, 0x0000000797300000, 0x00000007c0000000)
  eden space 24064K, 100% used [0x0000000795580000,0x0000000796d00000,0x0000000796d00000)
  from space 512K, 87% used [0x0000000796d00000,0x0000000796d70000,0x0000000796d80000)
  to   space 3072K, 0% used [0x0000000797000000,0x0000000797000000,0x0000000797300000)
 ParOldGen       total 87552K, used 17542K [0x0000000740000000, 0x0000000745580000, 0x0000000795580000)
  object space 87552K, 20% used [0x0000000740000000,0x0000000741121b90,0x0000000745580000)
 Metaspace       used 15154K, capacity 15782K, committed 16000K, reserved 1062912K
  class space    used 1938K, capacity 2117K, committed 2176K, reserved 1048576K
Event: 28.896 GC heap after
Heap after GC invocations=38 (full 0):
 PSYoungGen      total 27136K, used 512K [0x0000000795580000, 0x0000000797300000, 0x00000007c0000000)
  eden space 24064K, 0% used [0x0000000795580000,0x0000000795580000,0x0000000796d00000)
  from space 3072K, 16% used [0x0000000797000000,0x0000000797080000,0x0000000797300000)
  to   space 3072K, 0% used [0x0000000796d00000,0x0000000796d00000,0x0000000797000000)
 ParOldGen       total 87552K, used 17657K [0x0000000740000000, 0x0000000745580000, 0x0000000795580000)
  object space 87552K, 20% used [0x0000000740000000,0x000000074113e7c0,0x0000000745580000)
 Metaspace       used 15154K, capacity 15782K, committed 16000K, reserved 1062912K
  class space    used 1938K, capacity 2117K, committed 2176K, reserved 1048576K
}
Event: 29.611 GC heap before
{Heap before GC invocations=39 (full 0):
 PSYoungGen      total 27136K, used 24576K [0x0000000795580000, 0x0000000797300000, 0x00000007c0000000)
  eden space 24064K, 100% used [0x0000000795580000,0x0000000796d00000,0x0000000796d00000)
  from space 3072K, 16% used [0x0000000797000000,0x0000000797080000,0x0000000797300000)
  to   space 3072K, 0% used [0x0000000796d00000,0x0000000796d00000,0x0000000797000000)
 ParOldGen       total 87552K, used 17657K [0x0000000740000000, 0x0000000745580000, 0x0000000795580000)
  object space 87552K, 20% used [0x0000000740000000,0x000000074113e7c0,0x0000000745580000)
 Metaspace       used 15155K, capacity 15782K, committed 16000K, reserved 1062912K
  class space    used 1938K, capacity 2117K, committed 2176K, reserved 1048576K
Event: 29.614 GC heap after
Heap after GC invocations=39 (full 0):
 PSYoungGen      total 27136K, used 544K [0x0000000795580000, 0x0000000797300000, 0x00000007c0000000)
  eden space 24064K, 0% used [0x0000000795580000,0x0000000795580000,0x0000000796d00000)
  from space 3072K, 17% used [0x0000000796d00000,0x0000000796d88000,0x0000000797000000)
  to   space 3072K, 0% used [0x0000000797000000,0x0000000797000000,0x0000000797300000)
 ParOldGen       total 87552K, used 17777K [0x0000000740000000, 0x0000000745580000, 0x0000000795580000)
  object space 87552K, 20% used [0x0000000740000000,0x000000074115c7c0,0x0000000745580000)
 Metaspace       used 15155K, capacity 15782K, committed 16000K, reserved 1062912K
  class space    used 1938K, capacity 2117K, committed 2176K, reserved 1048576K
}
Event: 30.303 GC heap before
{Heap before GC invocations=40 (full 0):
 PSYoungGen      total 27136K, used 24608K [0x0000000795580000, 0x0000000797300000, 0x00000007c0000000)
  eden space 24064K, 100% used [0x0000000795580000,0x0000000796d00000,0x0000000796d00000)
  from space 3072K, 17% used [0x0000000796d00000,0x0000000796d88000,0x0000000797000000)
  to   space 3072K, 0% used [0x0000000797000000,0x0000000797000000,0x0000000797300000)
 ParOldGen       total 87552K, used 17777K [0x0000000740000000, 0x0000000745580000, 0x0000000795580000)
  object space 87552K, 20% used [0x0000000740000000,0x000000074115c7c0,0x0000000745580000)
 Metaspace       used 16200K, capacity 16900K, committed 17280K, reserved 1064960K
  class space    used 2126K, capacity 2338K, committed 2432K, reserved 1048576K
Event: 30.308 GC heap after
Heap after GC invocations=40 (full 0):
 PSYoungGen      total 26624K, used 2968K [0x0000000795580000, 0x0000000797400000, 0x00000007c0000000)
  eden space 23552K, 0% used [0x0000000795580000,0x0000000795580000,0x0000000796c80000)
  from space 3072K, 96% used [0x0000000797000000,0x00000007972e62e0,0x0000000797300000)
  to   space 3584K, 0% used [0x0000000796c80000,0x0000000796c80000,0x0000000797000000)
 ParOldGen       total 87552K, used 18929K [0x0000000740000000, 0x0000000745580000, 0x0000000795580000)
  object space 87552K, 21% used [0x0000000740000000,0x000000074127c7d0,0x0000000745580000)
 Metaspace       used 16200K, capacity 16900K, committed 17280K, reserved 1064960K
  class space    used 2126K, capacity 2338K, committed 2432K, reserved 1048576K
}
Event: 30.832 GC heap before
{Heap before GC invocations=41 (full 0):
 PSYoungGen      total 26624K, used 26520K [0x0000000795580000, 0x0000000797400000, 0x00000007c0000000)
  eden space 23552K, 100% used [0x0000000795580000,0x0000000796c80000,0x0000000796c80000)
  from space 3072K, 96% used [0x0000000797000000,0x00000007972e62e0,0x0000000797300000)
  to   space 3584K, 0% used [0x0000000796c80000,0x0000000796c80000,0x0000000797000000)
 ParOldGen       total 87552K, used 18929K [0x0000000740000000, 0x0000000745580000, 0x0000000795580000)
  object space 87552K, 21% used [0x0000000740000000,0x000000074127c7d0,0x0000000745580000)
 Metaspace       used 16201K, capacity 16900K, committed 17280K, reserved 1064960K
  class space    used 2126K, capacity 2338K, committed 2432K, reserved 1048576K
Event: 30.837 GC heap after
Heap after GC invocations=41 (full 0):
 PSYoungGen      total 27136K, used 408K [0x0000000795580000, 0x0000000797380000, 0x00000007c0000000)
  eden space 23552K, 0% used [0x0000000795580000,0x0000000795580000,0x0000000796c80000)
  from space 3584K, 11% used [0x0000000796c80000,0x0000000796ce6090,0x0000000797000000)
  to   space 3584K, 0% used [0x0000000797000000,0x0000000797000000,0x0000000797380000)
 ParOldGen       total 87552K, used 23515K [0x0000000740000000, 0x0000000745580000, 0x0000000795580000)
  object space 87552K, 26% used [0x0000000740000000,0x00000007416f6d70,0x0000000745580000)
 Metaspace       used 16201K, capacity 16900K, committed 17280K, reserved 1064960K
  class space    used 2126K, capacity 2338K, committed 2432K, reserved 1048576K
}
Event: 31.497 GC heap before
{Heap before GC invocations=42 (full 0):
 PSYoungGen      total 27136K, used 23960K [0x0000000795580000, 0x0000000797380000, 0x00000007c0000000)
  eden space 23552K, 100% used [0x0000000795580000,0x0000000796c80000,0x0000000796c80000)
  from space 3584K, 11% used [0x0000000796c80000,0x0000000796ce6090,0x0000000797000000)
  to   space 3584K, 0% used [0x0000000797000000,0x0000000797000000,0x0000000797380000)
 ParOldGen       total 87552K, used 23523K [0x0000000740000000, 0x0000000745580000, 0x0000000795580000)
  object space 87552K, 26% used [0x0000000740000000,0x00000007416f8d80,0x0000000745580000)
 Metaspace       used 16222K, capacity 16904K, committed 17280K, reserved 1064960K
  class space    used 2126K, capacity 2338K, committed 2432K, reserved 1048576K
Event: 31.499 GC heap after
Heap after GC invocations=42 (full 0):
 PSYoungGen      total 26112K, used 440K [0x0000000795580000, 0x0000000797280000, 0x00000007c0000000)
  eden space 23552K, 0% used [0x0000000795580000,0x0000000795580000,0x0000000796c80000)
  from space 2560K, 17% used [0x0000000797000000,0x000000079706e090,0x0000000797280000)
  to   space 3072K, 0% used [0x0000000796c80000,0x0000000796c80000,0x0000000796f80000)
 ParOldGen       total 87552K, used 23603K [0x0000000740000000, 0x0000000745580000, 0x0000000795580000)
  object space 87552K, 26% used [0x0000000740000000,0x000000074170cd40,0x0000000745580000)
 Metaspace       used 16222K, capacity 16904K, committed 17280K, reserved 1064960K
  class space    used 2126K, capacity 2338K, committed 2432K, reserved 1048576K
}

Deoptimization events (10 events):
Event: 30.213 Thread 0x00007fe5d185c000 Uncommon trap: reason=unstable_if action=reinterpret pc=0x0000000116b5c0d0 method=com.sun.prism.impl.ps.BaseShaderContext.validateTextureOp(Lcom/sun/prism/impl/ps/BaseShaderGraphics;Lcom/sun/javafx/geom/transform/BaseTransform;Lcom/sun/prism/Texture;Lcom/
Event: 30.221 Thread 0x00007fe5d185c000 Uncommon trap: reason=unstable_if action=reinterpret pc=0x0000000116a4de0c method=com.sun.prism.impl.BaseGraphics.setClipRect(Lcom/sun/javafx/geom/Rectangle;)V @ 12
Event: 30.224 Thread 0x00007fe5d185c000 Uncommon trap: reason=unstable_if action=reinterpret pc=0x0000000116c12a34 method=com.sun.javafx.text.TextRun.getPosX(I)F @ 46
Event: 31.251 Thread 0x00007fe5d185c000 Uncommon trap: reason=unstable_if action=reinterpret pc=0x0000000116bb96f4 method=com.sun.prism.impl.ManagedResource.isInteresting()Z @ 4
Event: 31.252 Thread 0x00007fe5d185c000 Uncommon trap: reason=unstable_if action=reinterpret pc=0x0000000116b32cb4 method=com.sun.prism.impl.ManagedResource.isInteresting()Z @ 4
Event: 31.253 Thread 0x00007fe5d185c000 Uncommon trap: reason=unstable_if action=reinterpret pc=0x00000001167e9d34 method=com.sun.prism.impl.ManagedResource.isInteresting()Z @ 4
Event: 31.583 Thread 0x00007fe5d185c000 Uncommon trap: reason=unstable_if action=reinterpret pc=0x0000000116b3bb54 method=com.sun.prism.impl.ManagedResource.isValid()Z @ 4
Event: 31.988 Thread 0x00007fe5d185c000 Uncommon trap: reason=class_check action=maybe_recompile pc=0x0000000116cc4568 method=com.sun.prism.es2.ES2TextureData.dispose()V @ 8
Event: 31.994 Thread 0x00007fe5d185c000 Uncommon trap: reason=class_check action=maybe_recompile pc=0x0000000116cc4568 method=com.sun.prism.es2.ES2TextureData.dispose()V @ 8
Event: 32.003 Thread 0x00007fe5d1161000 Uncommon trap: reason=bimorphic action=maybe_recompile pc=0x00000001168ce7b8 method=java.util.Hashtable.addEntry(ILjava/lang/Object;Ljava/lang/Object;I)V @ 38

Internal exceptions (10 events):
Event: 1.264 Thread 0x00007fe5d1161000 Exception <a 'java/lang/UnsatisfiedLinkError': com.sun.media.jfxmediaimpl.NativeAudioClip.nacInit()Z> (0x0000000796de5f10) thrown at [/Users/java_re/workspace/8-2-build-macosx-x86_64/jdk8u144/9417/hotspot/src/share/vm/prims/nativeLookup.cpp, line 378]
Event: 3.515 Thread 0x00007fe5d185c000 Implicit null exception at 0x0000000116b8e015 to 0x0000000116b8e055
Event: 3.515 Thread 0x00007fe5d185c000 Implicit null exception at 0x0000000116bab1ec to 0x0000000116bab235
Event: 13.172 Thread 0x00007fe5d1161000 Implicit null exception at 0x0000000116e55bb6 to 0x0000000116e56361
Event: 13.172 Thread 0x00007fe5d1161000 Implicit null exception at 0x0000000116ddcece to 0x0000000116ddd3dd
Event: 13.172 Thread 0x00007fe5d1161000 Implicit null exception at 0x0000000116db284e to 0x0000000116db2d59
Event: 17.833 Thread 0x00007fe5d1161000 Implicit null exception at 0x0000000116e57d80 to 0x0000000116e586e5
Event: 29.970 Thread 0x00007fe5d1161000 Implicit null exception at 0x0000000116c75246 to 0x0000000116c7548d
Event: 30.027 Thread 0x00007fe5d1161000 Implicit null exception at 0x0000000116cfc0f3 to 0x0000000116cfc191
Event: 30.143 Thread 0x00007fe5d185c000 Implicit null exception at 0x0000000116b068d4 to 0x0000000116b069b5

Events (10 events):
Event: 31.988 loading class com/sun/javafx/tk/quantum/ViewScene done
Event: 31.988 Thread 0x00007fe5d185c000 DEOPT UNPACKING pc=0x0000000116652229 sp=0x0000700007f4c338 mode 2
Event: 31.989 loading class com/sun/javafx/tk/quantum/WindowStage
Event: 31.989 loading class com/sun/javafx/tk/quantum/WindowStage done
Event: 31.994 Thread 0x00007fe5d185c000 Uncommon trap: trap_request=0xffffffde fr.pc=0x0000000116cc4568
Event: 31.994 Thread 0x00007fe5d185c000 DEOPT PACKING pc=0x0000000116cc4568 sp=0x0000700007f4c370
Event: 31.994 Thread 0x00007fe5d185c000 DEOPT UNPACKING pc=0x0000000116652229 sp=0x0000700007f4c338 mode 2
Event: 32.003 Thread 0x00007fe5d1161000 Uncommon trap: trap_request=0xffffffc6 fr.pc=0x00000001168ce7b8
Event: 32.003 Thread 0x00007fe5d1161000 DEOPT PACKING pc=0x00000001168ce7b8 sp=0x00007ffee6bcfbe0
Event: 32.003 Thread 0x00007fe5d1161000 DEOPT UNPACKING pc=0x0000000116652229 sp=0x00007ffee6bcfb10 mode 2


Dynamic libraries:
0x0000000008721000 	/System/Library/Frameworks/Cocoa.framework/Versions/A/Cocoa
0x0000000008721000 	/System/Library/Frameworks/Security.framework/Versions/A/Security
0x0000000008721000 	/System/Library/Frameworks/ApplicationServices.framework/Versions/A/ApplicationServices
0x0000000008721000 	/usr/lib/libz.1.dylib
0x0000000008721000 	/usr/lib/libSystem.B.dylib
0x0000000008721000 	/usr/lib/libobjc.A.dylib
0x0000000008721000 	/System/Library/Frameworks/CoreFoundation.framework/Versions/A/CoreFoundation
0x0000000008721000 	/System/Library/Frameworks/Foundation.framework/Versions/C/Foundation
0x0000000008721000 	/System/Library/Frameworks/AppKit.framework/Versions/C/AppKit
0x0000000008721000 	/System/Library/Frameworks/CoreData.framework/Versions/A/CoreData
0x0000000008721000 	/System/Library/PrivateFrameworks/RemoteViewServices.framework/Versions/A/RemoteViewServices
0x0000000008721000 	/System/Library/PrivateFrameworks/UIFoundation.framework/Versions/A/UIFoundation
0x0000000008721000 	/System/Library/PrivateFrameworks/XCTTargetBootstrap.framework/Versions/A/XCTTargetBootstrap
0x0000000008721000 	/System/Library/PrivateFrameworks/IconServices.framework/Versions/A/IconServices
0x0000000008721000 	/System/Library/Frameworks/Metal.framework/Versions/A/Metal
0x0000000008721000 	/System/Library/PrivateFrameworks/DesktopServicesPriv.framework/Versions/A/DesktopServicesPriv
0x0000000008721000 	/usr/lib/libenergytrace.dylib
0x0000000008721000 	/System/Library/PrivateFrameworks/SkyLight.framework/Versions/A/SkyLight
0x0000000008721000 	/System/Library/Frameworks/CoreGraphics.framework/Versions/A/CoreGraphics
0x0000000008721000 	/System/Library/Frameworks/Accelerate.framework/Versions/A/Accelerate
0x0000000008721000 	/System/Library/Frameworks/IOSurface.framework/Versions/A/IOSurface
0x0000000008721000 	/System/Library/PrivateFrameworks/DFRFoundation.framework/Versions/A/DFRFoundation
0x0000000008721000 	/System/Library/Frameworks/AudioToolbox.framework/Versions/A/AudioToolbox
0x0000000008721000 	/System/Library/Frameworks/AudioUnit.framework/Versions/A/AudioUnit
0x0000000008721000 	/System/Library/PrivateFrameworks/DataDetectorsCore.framework/Versions/A/DataDetectorsCore
0x0000000008721000 	/System/Library/Frameworks/Carbon.framework/Versions/A/Frameworks/HIToolbox.framework/Versions/A/HIToolbox
0x0000000008721000 	/usr/lib/libicucore.A.dylib
0x0000000008721000 	/System/Library/Frameworks/QuartzCore.framework/Versions/A/QuartzCore
0x0000000008721000 	/System/Library/Frameworks/Carbon.framework/Versions/A/Frameworks/SpeechRecognition.framework/Versions/A/SpeechRecognition
0x0000000008721000 	/usr/lib/libauto.dylib
0x0000000008721000 	/usr/lib/libxml2.2.dylib
0x0000000008721000 	/System/Library/PrivateFrameworks/CoreUI.framework/Versions/A/CoreUI
0x0000000008721000 	/System/Library/Frameworks/CoreAudio.framework/Versions/A/CoreAudio
0x0000000008721000 	/System/Library/Frameworks/DiskArbitration.framework/Versions/A/DiskArbitration
0x0000000008721000 	/usr/lib/liblangid.dylib
0x0000000008721000 	/System/Library/PrivateFrameworks/MultitouchSupport.framework/Versions/A/MultitouchSupport
0x0000000008721000 	/System/Library/Frameworks/IOKit.framework/Versions/A/IOKit
0x0000000008721000 	/usr/lib/libDiagnosticMessagesClient.dylib
0x0000000008721000 	/System/Library/Frameworks/CoreServices.framework/Versions/A/CoreServices
0x0000000008721000 	/System/Library/PrivateFrameworks/PerformanceAnalysis.framework/Versions/A/PerformanceAnalysis
0x0000000008721000 	/System/Library/Frameworks/OpenGL.framework/Versions/A/OpenGL
0x0000000008721000 	/System/Library/Frameworks/ColorSync.framework/Versions/A/ColorSync
0x0000000008721000 	/System/Library/Frameworks/CoreImage.framework/Versions/A/CoreImage
0x0000000008721000 	/System/Library/Frameworks/CoreText.framework/Versions/A/CoreText
0x0000000008721000 	/System/Library/Frameworks/ImageIO.framework/Versions/A/ImageIO
0x0000000008721000 	/System/Library/PrivateFrameworks/Backup.framework/Versions/A/Backup
0x0000000008721000 	/usr/lib/libarchive.2.dylib
0x0000000008721000 	/System/Library/Frameworks/CFNetwork.framework/Versions/A/CFNetwork
0x0000000008721000 	/System/Library/Frameworks/SystemConfiguration.framework/Versions/A/SystemConfiguration
0x0000000008721000 	/usr/lib/libCRFSuite.dylib
0x0000000008721000 	/usr/lib/libc++.1.dylib
0x0000000008721000 	/usr/lib/libc++abi.dylib
0x0000000008721000 	/usr/lib/system/libcache.dylib
0x0000000008721000 	/usr/lib/system/libcommonCrypto.dylib
0x0000000008721000 	/usr/lib/system/libcompiler_rt.dylib
0x0000000008721000 	/usr/lib/system/libcopyfile.dylib
0x0000000008721000 	/usr/lib/system/libcorecrypto.dylib
0x0000000008721000 	/usr/lib/system/libdispatch.dylib
0x0000000008721000 	/usr/lib/system/libdyld.dylib
0x0000000008721000 	/usr/lib/system/libkeymgr.dylib
0x0000000008721000 	/usr/lib/system/liblaunch.dylib
0x0000000008721000 	/usr/lib/system/libmacho.dylib
0x0000000008721000 	/usr/lib/system/libquarantine.dylib
0x0000000008721000 	/usr/lib/system/libremovefile.dylib
0x0000000008721000 	/usr/lib/system/libsystem_asl.dylib
0x0000000008721000 	/usr/lib/system/libsystem_blocks.dylib
0x0000000008721000 	/usr/lib/system/libsystem_c.dylib
0x0000000008721000 	/usr/lib/system/libsystem_configuration.dylib
0x0000000008721000 	/usr/lib/system/libsystem_coreservices.dylib
0x0000000008721000 	/usr/lib/system/libsystem_darwin.dylib
0x0000000008721000 	/usr/lib/system/libsystem_dnssd.dylib
0x0000000008721000 	/usr/lib/system/libsystem_info.dylib
0x0000000008721000 	/usr/lib/system/libsystem_m.dylib
0x0000000008721000 	/usr/lib/system/libsystem_malloc.dylib
0x0000000008721000 	/usr/lib/system/libsystem_networkextension.dylib
0x0000000008721000 	/usr/lib/system/libsystem_notify.dylib
0x0000000008721000 	/usr/lib/system/libsystem_sandbox.dylib
0x0000000008721000 	/usr/lib/system/libsystem_secinit.dylib
0x0000000008721000 	/usr/lib/system/libsystem_kernel.dylib
0x0000000008721000 	/usr/lib/system/libsystem_platform.dylib
0x0000000008721000 	/usr/lib/system/libsystem_pthread.dylib
0x0000000008721000 	/usr/lib/system/libsystem_symptoms.dylib
0x0000000008721000 	/usr/lib/system/libsystem_trace.dylib
0x0000000008721000 	/usr/lib/system/libunwind.dylib
0x0000000008721000 	/usr/lib/system/libxpc.dylib
0x0000000008721000 	/usr/lib/libbsm.0.dylib
0x0000000008721000 	/usr/lib/system/libkxld.dylib
0x0000000008721000 	/System/Library/PrivateFrameworks/AppleFSCompression.framework/Versions/A/AppleFSCompression
0x0000000008721000 	/usr/lib/libOpenScriptingUtil.dylib
0x0000000008721000 	/usr/lib/libcoretls.dylib
0x0000000008721000 	/usr/lib/libcoretls_cfhelpers.dylib
0x0000000008721000 	/usr/lib/libpam.2.dylib
0x0000000008721000 	/usr/lib/libsqlite3.dylib
0x0000000008721000 	/usr/lib/libxar.1.dylib
0x0000000008721000 	/usr/lib/libbz2.1.0.dylib
0x0000000008721000 	/usr/lib/liblzma.5.dylib
0x0000000008721000 	/usr/lib/libnetwork.dylib
0x0000000008721000 	/usr/lib/libapple_nghttp2.dylib
0x0000000008721000 	/usr/lib/libpcap.A.dylib
0x0000000008721000 	/System/Library/Frameworks/CoreServices.framework/Versions/A/Frameworks/FSEvents.framework/Versions/A/FSEvents
0x0000000008721000 	/System/Library/Frameworks/CoreServices.framework/Versions/A/Frameworks/CarbonCore.framework/Versions/A/CarbonCore
0x0000000008721000 	/System/Library/Frameworks/CoreServices.framework/Versions/A/Frameworks/Metadata.framework/Versions/A/Metadata
0x0000000008721000 	/System/Library/Frameworks/CoreServices.framework/Versions/A/Frameworks/OSServices.framework/Versions/A/OSServices
0x0000000008721000 	/System/Library/Frameworks/CoreServices.framework/Versions/A/Frameworks/SearchKit.framework/Versions/A/SearchKit
0x0000000008721000 	/System/Library/Frameworks/CoreServices.framework/Versions/A/Frameworks/AE.framework/Versions/A/AE
0x0000000008721000 	/System/Library/Frameworks/CoreServices.framework/Versions/A/Frameworks/LaunchServices.framework/Versions/A/LaunchServices
0x0000000008721000 	/System/Library/Frameworks/CoreServices.framework/Versions/A/Frameworks/DictionaryServices.framework/Versions/A/DictionaryServices
0x0000000008721000 	/System/Library/Frameworks/CoreServices.framework/Versions/A/Frameworks/SharedFileList.framework/Versions/A/SharedFileList
0x0000000008721000 	/System/Library/Frameworks/NetFS.framework/Versions/A/NetFS
0x0000000008721000 	/System/Library/PrivateFrameworks/NetAuth.framework/Versions/A/NetAuth
0x0000000008721000 	/System/Library/PrivateFrameworks/login.framework/Versions/A/Frameworks/loginsupport.framework/Versions/A/loginsupport
0x0000000008721000 	/System/Library/PrivateFrameworks/TCC.framework/Versions/A/TCC
0x0000000008721000 	/System/Library/PrivateFrameworks/CoreNLP.framework/Versions/A/CoreNLP
0x0000000008721000 	/System/Library/PrivateFrameworks/MetadataUtilities.framework/Versions/A/MetadataUtilities
0x0000000008721000 	/usr/lib/libmecabra.dylib
0x0000000008721000 	/System/Library/Frameworks/ApplicationServices.framework/Versions/A/Frameworks/ATS.framework/Versions/A/ATS
0x0000000008721000 	/System/Library/Frameworks/ApplicationServices.framework/Versions/A/Frameworks/ColorSyncLegacy.framework/Versions/A/ColorSyncLegacy
0x0000000008721000 	/System/Library/Frameworks/ApplicationServices.framework/Versions/A/Frameworks/HIServices.framework/Versions/A/HIServices
0x0000000008721000 	/System/Library/Frameworks/ApplicationServices.framework/Versions/A/Frameworks/LangAnalysis.framework/Versions/A/LangAnalysis
0x0000000008721000 	/System/Library/Frameworks/ApplicationServices.framework/Versions/A/Frameworks/PrintCore.framework/Versions/A/PrintCore
0x0000000008721000 	/System/Library/Frameworks/ApplicationServices.framework/Versions/A/Frameworks/QD.framework/Versions/A/QD
0x0000000008721000 	/System/Library/Frameworks/ApplicationServices.framework/Versions/A/Frameworks/SpeechSynthesis.framework/Versions/A/SpeechSynthesis
0x0000000008721000 	/usr/lib/libcompression.dylib
0x0000000008721000 	/System/Library/Frameworks/CoreDisplay.framework/Versions/A/CoreDisplay
0x0000000008721000 	/System/Library/Frameworks/MetalPerformanceShaders.framework/Versions/A/MetalPerformanceShaders
0x0000000008721000 	/System/Library/Frameworks/Accelerate.framework/Versions/A/Frameworks/vImage.framework/Versions/A/vImage
0x0000000008721000 	/System/Library/Frameworks/Accelerate.framework/Versions/A/Frameworks/vecLib.framework/Versions/A/vecLib
0x0000000008721000 	/System/Library/Frameworks/Accelerate.framework/Versions/A/Frameworks/vecLib.framework/Versions/A/libvMisc.dylib
0x0000000008721000 	/System/Library/Frameworks/Accelerate.framework/Versions/A/Frameworks/vecLib.framework/Versions/A/libvDSP.dylib
0x0000000008721000 	/System/Library/Frameworks/Accelerate.framework/Versions/A/Frameworks/vecLib.framework/Versions/A/libBLAS.dylib
0x0000000008721000 	/System/Library/Frameworks/Accelerate.framework/Versions/A/Frameworks/vecLib.framework/Versions/A/libLAPACK.dylib
0x0000000008721000 	/System/Library/Frameworks/Accelerate.framework/Versions/A/Frameworks/vecLib.framework/Versions/A/libLinearAlgebra.dylib
0x0000000008721000 	/System/Library/Frameworks/Accelerate.framework/Versions/A/Frameworks/vecLib.framework/Versions/A/libSparseBLAS.dylib
0x0000000008721000 	/System/Library/Frameworks/Accelerate.framework/Versions/A/Frameworks/vecLib.framework/Versions/A/libQuadrature.dylib
0x0000000008721000 	/System/Library/Frameworks/Accelerate.framework/Versions/A/Frameworks/vecLib.framework/Versions/A/libBNNS.dylib
0x0000000008721000 	/System/Library/Frameworks/Accelerate.framework/Versions/A/Frameworks/vecLib.framework/Versions/A/libSparse.dylib
0x0000000008721000 	/System/Library/PrivateFrameworks/GPUWrangler.framework/Versions/A/GPUWrangler
0x0000000008721000 	/System/Library/PrivateFrameworks/IOAccelerator.framework/Versions/A/IOAccelerator
0x0000000008721000 	/System/Library/PrivateFrameworks/IOPresentment.framework/Versions/A/IOPresentment
0x0000000008721000 	/System/Library/PrivateFrameworks/DSExternalDisplay.framework/Versions/A/DSExternalDisplay
0x0000000008721000 	/System/Library/Frameworks/OpenGL.framework/Versions/A/Libraries/libCoreFSCache.dylib
0x0000000008721000 	/System/Library/Frameworks/MetalPerformanceShaders.framework/Frameworks/MPSCore.framework/Versions/A/MPSCore
0x0000000008721000 	/System/Library/Frameworks/MetalPerformanceShaders.framework/Frameworks/MPSImage.framework/Versions/A/MPSImage
0x0000000008721000 	/System/Library/Frameworks/MetalPerformanceShaders.framework/Frameworks/MPSNeuralNetwork.framework/Versions/A/MPSNeuralNetwork
0x0000000008721000 	/System/Library/Frameworks/MetalPerformanceShaders.framework/Frameworks/MPSMatrix.framework/Versions/A/MPSMatrix
0x0000000008721000 	/System/Library/Frameworks/MetalPerformanceShaders.framework/Frameworks/MPSRayIntersector.framework/Versions/A/MPSRayIntersector
0x0000000008721000 	/System/Library/PrivateFrameworks/MetalTools.framework/Versions/A/MetalTools
0x0000000008721000 	/System/Library/PrivateFrameworks/AggregateDictionary.framework/Versions/A/AggregateDictionary
0x0000000008721000 	/usr/lib/libMobileGestalt.dylib
0x0000000008721000 	/System/Library/Frameworks/CoreVideo.framework/Versions/A/CoreVideo
0x0000000008721000 	/System/Library/PrivateFrameworks/GraphVisualizer.framework/Versions/A/GraphVisualizer
0x0000000008721000 	/System/Library/PrivateFrameworks/FaceCore.framework/Versions/A/FaceCore
0x0000000008721000 	/System/Library/Frameworks/OpenCL.framework/Versions/A/OpenCL
0x0000000008721000 	/usr/lib/libFosl_dynamic.dylib
0x0000000008721000 	/System/Library/PrivateFrameworks/OTSVG.framework/Versions/A/OTSVG
0x0000000008721000 	/System/Library/Frameworks/ApplicationServices.framework/Versions/A/Frameworks/ATS.framework/Versions/A/Resources/libFontParser.dylib
0x0000000008721000 	/System/Library/Frameworks/ApplicationServices.framework/Versions/A/Frameworks/ATS.framework/Versions/A/Resources/libFontRegistry.dylib
0x0000000008721000 	/System/Library/Frameworks/ImageIO.framework/Versions/A/Resources/libJPEG.dylib
0x0000000008721000 	/System/Library/Frameworks/ImageIO.framework/Versions/A/Resources/libTIFF.dylib
0x0000000008721000 	/System/Library/Frameworks/ImageIO.framework/Versions/A/Resources/libPng.dylib
0x0000000008721000 	/System/Library/Frameworks/ImageIO.framework/Versions/A/Resources/libGIF.dylib
0x0000000008721000 	/System/Library/Frameworks/ImageIO.framework/Versions/A/Resources/libJP2.dylib
0x0000000008721000 	/System/Library/Frameworks/ImageIO.framework/Versions/A/Resources/libRadiance.dylib
0x0000000008721000 	/System/Library/PrivateFrameworks/AppleJPEG.framework/Versions/A/AppleJPEG
0x0000000008721000 	/System/Library/Frameworks/OpenGL.framework/Versions/A/Libraries/libGFXShared.dylib
0x0000000008721000 	/System/Library/Frameworks/OpenGL.framework/Versions/A/Libraries/libGLU.dylib
0x0000000008721000 	/System/Library/Frameworks/OpenGL.framework/Versions/A/Libraries/libGL.dylib
0x0000000008721000 	/System/Library/Frameworks/OpenGL.framework/Versions/A/Libraries/libGLImage.dylib
0x0000000008721000 	/System/Library/Frameworks/OpenGL.framework/Versions/A/Libraries/libCVMSPluginSupport.dylib
0x0000000008721000 	/System/Library/Frameworks/OpenGL.framework/Versions/A/Libraries/libCoreVMClient.dylib
0x0000000008721000 	/usr/lib/libcups.2.dylib
0x0000000008721000 	/System/Library/Frameworks/Kerberos.framework/Versions/A/Kerberos
0x0000000008721000 	/System/Library/Frameworks/GSS.framework/Versions/A/GSS
0x0000000008721000 	/usr/lib/libresolv.9.dylib
0x0000000008721000 	/usr/lib/libiconv.2.dylib
0x0000000008721000 	/System/Library/PrivateFrameworks/Heimdal.framework/Versions/A/Heimdal
0x0000000008721000 	/usr/lib/libheimdal-asn1.dylib
0x0000000008721000 	/System/Library/Frameworks/OpenDirectory.framework/Versions/A/OpenDirectory
0x0000000008721000 	/System/Library/PrivateFrameworks/CommonAuth.framework/Versions/A/CommonAuth
0x0000000008721000 	/System/Library/Frameworks/OpenDirectory.framework/Versions/A/Frameworks/CFOpenDirectory.framework/Versions/A/CFOpenDirectory
0x0000000008721000 	/System/Library/Frameworks/SecurityFoundation.framework/Versions/A/SecurityFoundation
0x0000000008721000 	/System/Library/PrivateFrameworks/APFS.framework/Versions/A/APFS
0x0000000008721000 	/usr/lib/libutil.dylib
0x0000000008721000 	/usr/lib/libcharset.1.dylib
0x0000000008721000 	/System/Library/PrivateFrameworks/AppleSauce.framework/Versions/A/AppleSauce
0x0000000008721000 	/System/Library/PrivateFrameworks/AssertionServices.framework/Versions/A/AssertionServices
0x0000000008721000 	/System/Library/PrivateFrameworks/BaseBoard.framework/Versions/A/BaseBoard
0x0000000008721000 	/usr/lib/libmecab.1.0.0.dylib
0x0000000008721000 	/usr/lib/libgermantok.dylib
0x0000000008721000 	/usr/lib/libThaiTokenizer.dylib
0x0000000008721000 	/usr/lib/libChineseTokenizer.dylib
0x0000000008721000 	/System/Library/PrivateFrameworks/LanguageModeling.framework/Versions/A/LanguageModeling
0x0000000008721000 	/System/Library/PrivateFrameworks/CoreEmoji.framework/Versions/A/CoreEmoji
0x0000000008721000 	/System/Library/PrivateFrameworks/Lexicon.framework/Versions/A/Lexicon
0x0000000008721000 	/System/Library/PrivateFrameworks/LinguisticData.framework/Versions/A/LinguisticData
0x0000000008721000 	/usr/lib/libcmph.dylib
0x0000000008721000 	/System/Library/Frameworks/ServiceManagement.framework/Versions/A/ServiceManagement
0x0000000008721000 	/System/Library/PrivateFrameworks/BackgroundTaskManagement.framework/Versions/A/BackgroundTaskManagement
0x0000000008721000 	/usr/lib/libxslt.1.dylib
0x0000000008721000 	/System/Library/Frameworks/Carbon.framework/Versions/A/Frameworks/Ink.framework/Versions/A/Ink
0x0000000008721000 	/System/Library/PrivateFrameworks/TextureIO.framework/Versions/A/TextureIO
0x0000000008721000 	/usr/lib/libate.dylib
0x0000000008721000 	/System/Library/PrivateFrameworks/CrashReporterSupport.framework/Versions/A/CrashReporterSupport
0x0000000008721000 	/System/Library/PrivateFrameworks/Sharing.framework/Versions/A/Sharing
0x0000000008721000 	/System/Library/PrivateFrameworks/AuthKit.framework/Versions/A/AuthKit
0x0000000008721000 	/System/Library/PrivateFrameworks/Apple80211.framework/Versions/A/Apple80211
0x0000000008721000 	/System/Library/PrivateFrameworks/CoreUtils.framework/Versions/A/CoreUtils
0x0000000008721000 	/System/Library/Frameworks/CoreWLAN.framework/Versions/A/CoreWLAN
0x0000000008721000 	/System/Library/Frameworks/IOBluetooth.framework/Versions/A/IOBluetooth
0x0000000008721000 	/System/Library/PrivateFrameworks/ProtocolBuffer.framework/Versions/A/ProtocolBuffer
0x0000000008721000 	/System/Library/PrivateFrameworks/MobileKeyBag.framework/Versions/A/MobileKeyBag
0x0000000008721000 	/System/Library/PrivateFrameworks/CorePhoneNumbers.framework/Versions/A/CorePhoneNumbers
0x0000000008721000 	/System/Library/PrivateFrameworks/AppleIDAuthSupport.framework/Versions/A/AppleIDAuthSupport
0x0000000008721000 	/System/Library/PrivateFrameworks/KeychainCircle.framework/Versions/A/KeychainCircle
0x0000000008721000 	/System/Library/PrivateFrameworks/ROCKit.framework/Versions/A/ROCKit
0x0000000008721000 	/System/Library/PrivateFrameworks/CoreWiFi.framework/Versions/A/CoreWiFi
0x0000000008721000 	/System/Library/Frameworks/CoreBluetooth.framework/Versions/A/CoreBluetooth
0x0000000008721000 	/System/Library/PrivateFrameworks/DebugSymbols.framework/Versions/A/DebugSymbols
0x0000000008721000 	/System/Library/PrivateFrameworks/CoreSymbolication.framework/Versions/A/CoreSymbolication
0x0000000008721000 	/System/Library/PrivateFrameworks/Symbolication.framework/Versions/A/Symbolication
0x0000000008721000 	/System/Library/PrivateFrameworks/SpeechRecognitionCore.framework/Versions/A/SpeechRecognitionCore
0x0000000109a00000 	/Library/Java/JavaVirtualMachines/jdk1.8.0_144.jdk/Contents/Home/jre/lib/server/libjvm.dylib
0x0000000008721000 	/usr/lib/libstdc++.6.dylib
0x0000000109055000 	/Library/Java/JavaVirtualMachines/jdk1.8.0_144.jdk/Contents/Home/jre/lib/libverify.dylib
0x0000000109063000 	/Library/Java/JavaVirtualMachines/jdk1.8.0_144.jdk/Contents/Home/jre/lib/libjava.dylib
0x00000001090e2000 	/Library/Java/JavaVirtualMachines/jdk1.8.0_144.jdk/Contents/Home/jre/lib/libzip.dylib
0x0000000008721000 	/System/Library/Frameworks/JavaVM.framework/Versions/A/Frameworks/JavaRuntimeSupport.framework/Versions/A/JavaRuntimeSupport
0x0000000008721000 	/System/Library/Frameworks/JavaVM.framework/Versions/A/Frameworks/JavaNativeFoundation.framework/Versions/A/JavaNativeFoundation
0x0000000008721000 	/System/Library/Frameworks/JavaVM.framework/Versions/A/JavaVM
0x0000000008721000 	/System/Library/Frameworks/Carbon.framework/Versions/A/Carbon
0x0000000008721000 	/System/Library/PrivateFrameworks/JavaLaunching.framework/Versions/A/JavaLaunching
0x0000000008721000 	/System/Library/Frameworks/Carbon.framework/Versions/A/Frameworks/CommonPanels.framework/Versions/A/CommonPanels
0x0000000008721000 	/System/Library/Frameworks/Carbon.framework/Versions/A/Frameworks/Help.framework/Versions/A/Help
0x0000000008721000 	/System/Library/Frameworks/Carbon.framework/Versions/A/Frameworks/ImageCapture.framework/Versions/A/ImageCapture
0x0000000008721000 	/System/Library/Frameworks/Carbon.framework/Versions/A/Frameworks/OpenScripting.framework/Versions/A/OpenScripting
0x0000000008721000 	/System/Library/Frameworks/Carbon.framework/Versions/A/Frameworks/Print.framework/Versions/A/Print
0x0000000008721000 	/System/Library/Frameworks/Carbon.framework/Versions/A/Frameworks/SecurityHI.framework/Versions/A/SecurityHI
0x0000000112c89000 	/Library/Java/JavaVirtualMachines/jdk1.8.0_144.jdk/Contents/Home/jre/lib/libprism_es2.dylib
0x0000000008721000 	/System/Library/PrivateFrameworks/CoreServicesInternal.framework/Versions/A/CoreServicesInternal
0x0000000008721000 	/System/Library/Frameworks/OpenGL.framework/Versions/A/Resources/GLEngine.bundle/GLEngine
0x0000000008721000 	/System/Library/Frameworks/OpenGL.framework/Versions/A/Libraries/libGLProgrammability.dylib
0x0000000008721000 	/System/Library/Extensions/AppleIntelBDWGraphicsGLDriver.bundle/Contents/MacOS/AppleIntelBDWGraphicsGLDriver
0x0000000008721000 	/System/Library/PrivateFrameworks/GPUSupport.framework/Versions/A/Libraries/libGPUSupportMercury.dylib
0x0000000008721000 	/System/Library/Frameworks/OpenGL.framework/Versions/A/Resources/GLRendererFloat.bundle/GLRendererFloat
0x0000000008721000 	/System/Library/Frameworks/OpenCL.framework/Versions/A/Libraries/libcldcpuengine.dylib
0x0000000008721000 	/usr/lib/libcrypto.35.dylib
0x0000000008721000 	/System/Library/PrivateFrameworks/TrustEvaluationAgent.framework/Versions/A/TrustEvaluationAgent
0x00000001136a1000 	/Library/Java/JavaVirtualMachines/jdk1.8.0_144.jdk/Contents/Home/jre/lib/libglass.dylib
0x0000000008721000 	/System/Library/CoreServices/RawCamera.bundle/Contents/MacOS/RawCamera
0x0000000008721000 	/System/Library/PrivateFrameworks/MobileAsset.framework/Versions/A/MobileAsset
0x0000000008721000 	/System/Library/PrivateFrameworks/StreamingZip.framework/Versions/A/StreamingZip
0x0000000008721000 	/System/Library/Frameworks/MediaToolbox.framework/Versions/A/MediaToolbox
0x0000000008721000 	/System/Library/PrivateFrameworks/CoreAVCHD.framework/Versions/A/CoreAVCHD
0x0000000008721000 	/System/Library/Frameworks/MediaAccessibility.framework/Versions/A/MediaAccessibility
0x0000000008721000 	/System/Library/PrivateFrameworks/Mangrove.framework/Versions/A/Mangrove
0x0000000008721000 	/System/Library/Frameworks/CoreMedia.framework/Versions/A/CoreMedia
0x0000000008721000 	/System/Library/Frameworks/VideoToolbox.framework/Versions/A/VideoToolbox
0x0000000008721000 	/System/Library/PrivateFrameworks/CoreAUC.framework/Versions/A/CoreAUC
0x0000000008721000 	/usr/lib/libspindump.dylib
0x0000000008721000 	/System/Library/PrivateFrameworks/AppleVA.framework/Versions/A/AppleVA
0x0000000008721000 	/System/Library/Frameworks/Accelerate.framework/Versions/A/Frameworks/vImage.framework/Versions/A/Libraries/libCGInterfaces.dylib
0x0000000008721000 	/System/Library/PrivateFrameworks/FamilyControls.framework/Versions/A/FamilyControls
0x0000000008721000 	/System/Library/PrivateFrameworks/CommerceKit.framework/Versions/A/Frameworks/CommerceCore.framework/Versions/A/CommerceCore
0x0000000008721000 	/System/Library/PrivateFrameworks/SystemAdministration.framework/Versions/A/SystemAdministration
0x0000000008721000 	/System/Library/PrivateFrameworks/AppContainer.framework/Versions/A/AppContainer
0x0000000008721000 	/System/Library/PrivateFrameworks/AppSandbox.framework/Versions/A/AppSandbox
0x0000000008721000 	/System/Library/PrivateFrameworks/SecCodeWrapper.framework/Versions/A/SecCodeWrapper
0x0000000008721000 	/usr/lib/libsandbox.1.dylib
0x0000000008721000 	/usr/lib/libMatch.1.dylib
0x0000000008721000 	/System/Library/PrivateFrameworks/DiskManagement.framework/Versions/A/DiskManagement
0x0000000008721000 	/System/Library/Frameworks/DirectoryService.framework/Versions/A/DirectoryService
0x0000000008721000 	/System/Library/PrivateFrameworks/DiskImages.framework/Versions/A/DiskImages
0x0000000008721000 	/System/Library/PrivateFrameworks/LoginUIKit.framework/Versions/A/Frameworks/LoginUICore.framework/Versions/A/LoginUICore
0x0000000008721000 	/usr/lib/libCoreStorage.dylib
0x0000000008721000 	/usr/lib/libcsfde.dylib
0x0000000008721000 	/usr/lib/libodfde.dylib
0x0000000008721000 	/System/Library/PrivateFrameworks/MediaKit.framework/Versions/A/MediaKit
0x0000000008721000 	/System/Library/Frameworks/DiscRecording.framework/Versions/A/DiscRecording
0x0000000008721000 	/System/Library/PrivateFrameworks/EFILogin.framework/Versions/A/EFILogin
0x0000000008721000 	/System/Library/PrivateFrameworks/ProtectedCloudStorage.framework/Versions/A/ProtectedCloudStorage
0x0000000008721000 	/usr/lib/libcurl.4.dylib
0x0000000008721000 	/usr/lib/libcrypto.42.dylib
0x0000000008721000 	/usr/lib/libssl.44.dylib
0x0000000008721000 	/System/Library/Frameworks/LDAP.framework/Versions/A/LDAP
0x0000000008721000 	/usr/lib/libsasl2.2.dylib
0x0000000008721000 	/System/Library/PrivateFrameworks/CoreDaemon.framework/Versions/B/CoreDaemon
0x0000000008721000 	/System/Library/PrivateFrameworks/AppleSRP.framework/Versions/A/AppleSRP
0x0000000008721000 	/System/Library/PrivateFrameworks/ViewBridge.framework/Versions/A/ViewBridge
0x000000011564b000 	/Library/Java/JavaVirtualMachines/jdk1.8.0_144.jdk/Contents/Home/jre/lib/libnio.dylib
0x000000011565b000 	/Library/Java/JavaVirtualMachines/jdk1.8.0_144.jdk/Contents/Home/jre/lib/./libnet.dylib
0x00000001156ba000 	/Library/Java/JavaVirtualMachines/jdk1.8.0_144.jdk/Contents/Home/jre/lib/libglib-lite.dylib
0x00000001157db000 	/Library/Java/JavaVirtualMachines/jdk1.8.0_144.jdk/Contents/Home/jre/lib/libgstreamer-lite.dylib
0x0000000115954000 	/Library/Java/JavaVirtualMachines/jdk1.8.0_144.jdk/Contents/Home/jre/lib/libjfxmedia.dylib
0x000000011598f000 	/Library/Java/JavaVirtualMachines/jdk1.8.0_144.jdk/Contents/Home/jre/lib/libjfxmedia_avf.dylib
0x0000000008721000 	/System/Library/Frameworks/AVFoundation.framework/Versions/A/AVFoundation
0x0000000008721000 	/System/Library/Frameworks/AVFoundation.framework/Versions/A/Frameworks/AVFAudio.framework/Versions/A/AVFAudio
0x0000000008721000 	/System/Library/PrivateFrameworks/InternationalSupport.framework/Versions/A/InternationalSupport
0x0000000008721000 	/System/Library/Frameworks/CoreMediaIO.framework/Versions/A/CoreMediaIO
0x0000000008721000 	/System/Library/PrivateFrameworks/RemoteServiceDiscovery.framework/Versions/A/RemoteServiceDiscovery
0x0000000008721000 	/System/Library/PrivateFrameworks/RemoteXPC.framework/Versions/A/RemoteXPC
0x00000001159c4000 	/Library/Java/JavaVirtualMachines/jdk1.8.0_144.jdk/Contents/Home/jre/lib/libjfxmedia_qtkit.dylib
0x0000000008721000 	/System/Library/Frameworks/QTKit.framework/Versions/A/QTKit
0x0000000008721000 	/System/Library/PrivateFrameworks/CoreMediaAuthoring.framework/Versions/A/CoreMediaAuthoring
0x00000001159d1000 	/Library/Java/JavaVirtualMachines/jdk1.8.0_144.jdk/Contents/Home/jre/lib/libfxplugins.dylib
0x0000000008721000 	/System/Library/Frameworks/VideoDecodeAcceleration.framework/Versions/A/VideoDecodeAcceleration
0x0000000112f47000 	/System/Library/Extensions/AppleHDA.kext/Contents/PlugIns/AppleHDAHALPlugIn.bundle/Contents/MacOS/AppleHDAHALPlugIn
0x0000000115a30000 	/System/Library/Components/CoreAudio.component/Contents/MacOS/CoreAudio
0x0000000115c84000 	/System/Library/Components/AudioCodecs.component/Contents/MacOS/AudioCodecs
0x00000001159fc000 	/Library/Java/JavaVirtualMachines/jdk1.8.0_144.jdk/Contents/Home/jre/lib/libjavafx_font.dylib
0x0000000008721000 	/System/Library/Frameworks/ApplicationServices.framework/Versions/A/Frameworks/ATS.framework/Versions/A/Resources/libTrueTypeScaler.dylib
0x000000011654b000 	/usr/lib/libobjc-trampolines.dylib
0x0000000008721000 	/System/Library/Extensions/AppleIntelBDWGraphicsMTLDriver.bundle/Contents/MacOS/AppleIntelBDWGraphicsMTLDriver
0x0000000008721000 	/System/Library/PrivateFrameworks/GPUCompiler.framework/Versions/3902/Libraries/libmetal_timestamp.dylib
0x0000000008721000 	/System/Library/PrivateFrameworks/login.framework/Versions/A/login
0x0000000125e33000 	/Library/Java/JavaVirtualMachines/jdk1.8.0_144.jdk/Contents/Home/jre/lib/libprism_common.dylib

VM Arguments:
jvm_args: -Dfile.encoding=UTF-8 
java_command: main.Main
java_class_path (initial): /Users/DennyHo/git/csc335-team-zelda-finalproject-ryan-denny-mayank-dominic/bin
Launcher Type: SUN_STANDARD

Environment Variables:
PATH=/usr/bin:/bin:/usr/sbin:/sbin
SHELL=/bin/bash

Signal Handlers:
SIGSEGV: [libjvm.dylib+0x5b26e5], sa_mask[0]=11111111011111110111111111111111, sa_flags=SA_ONSTACK|SA_RESTART|SA_SIGINFO
SIGBUS: [libjvm.dylib+0x5b26e5], sa_mask[0]=11111111011111110111111111111111, sa_flags=SA_RESTART|SA_SIGINFO
SIGFPE: [libjvm.dylib+0x489100], sa_mask[0]=11111111011111110111111111111111, sa_flags=SA_RESTART|SA_SIGINFO
SIGPIPE: [libjvm.dylib+0x489100], sa_mask[0]=11111111011111110111111111111111, sa_flags=SA_RESTART|SA_SIGINFO
SIGXFSZ: [libjvm.dylib+0x489100], sa_mask[0]=11111111011111110111111111111111, sa_flags=SA_RESTART|SA_SIGINFO
SIGILL: [libjvm.dylib+0x489100], sa_mask[0]=11111111011111110111111111111111, sa_flags=SA_RESTART|SA_SIGINFO
SIGUSR1: SIG_DFL, sa_mask[0]=00000000000000000000000000000000, sa_flags=none
SIGUSR2: [libjvm.dylib+0x488c1e], sa_mask[0]=00100000000000000000000000000000, sa_flags=SA_RESTART|SA_SIGINFO
SIGHUP: [libjvm.dylib+0x4871f5], sa_mask[0]=11111111011111110111111111111111, sa_flags=SA_RESTART|SA_SIGINFO
SIGINT: [libjvm.dylib+0x4871f5], sa_mask[0]=11111111011111110111111111111111, sa_flags=SA_RESTART|SA_SIGINFO
SIGTERM: [libjvm.dylib+0x4871f5], sa_mask[0]=11111111011111110111111111111111, sa_flags=SA_RESTART|SA_SIGINFO
SIGQUIT: [libjvm.dylib+0x4871f5], sa_mask[0]=11111111011111110111111111111111, sa_flags=SA_RESTART|SA_SIGINFO


---------------  S Y S T E M  ---------------

OS:Bsduname:Darwin 18.0.0 Darwin Kernel Version 18.0.0: Wed Aug 22 20:13:40 PDT 2018; root:xnu-4903.201.2~1/RELEASE_X86_64 x86_64
rlimit: STACK 8192k, CORE 0k, NPROC 709, NOFILE 10240, AS infinity
load average:2.67 2.54 2.50

CPU:total 4 (initial active 4) (2 cores per cpu, 2 threads per core) family 6 model 61 stepping 4, cmov, cx8, fxsr, mmx, sse, sse2, sse3, ssse3, sse4.1, sse4.2, popcnt, avx, avx2, aes, clmul, erms, 3dnowpref, lzcnt, ht, tsc, tscinvbit, bmi1, bmi2, adx

Memory: 4k page, physical 8388608k(99120k free)

/proc/meminfo:


vm_info: Java HotSpot(TM) 64-Bit Server VM (25.144-b01) for bsd-amd64 JRE (1.8.0_144-b01), built on Jul 21 2017 22:07:42 by "java_re" with gcc 4.2.1 (Based on Apple Inc. build 5658) (LLVM build 2336.11.00)

time: Wed May  1 23:35:27 2019
elapsed time: 32 seconds (0d 0h 0m 32s)

